<?xml version="1.0" encoding="UTF-8"?>
<testsuite xmlns:xsi="http://www.w3.org/2001/XMLSchema-instance" xsi:noNamespaceSchemaLocation="https://maven.apache.org/surefire/maven-surefire-plugin/xsd/surefire-test-report-3.0.xsd" version="3.0" name="ru.netology.SpringBootdemo.SpringBootdemoApplicationTests" time="5.484" tests="1" errors="0" skipped="0" failures="0">
  <properties>
[...]
</properties>
  <testcase name="contextLoads" classname="ru.netology.SpringBootdemo.SpringBootdemoApplicationTests" time="1.356">
    <system-out><![CDATA[13:59:58.224 [main] INFO org.springframework.test.context.support.AnnotationConfigContextLoaderUtils -- Could not detect default configuration classes for test class [ru.netology.SpringBootdemo.SpringBootdemoApplicationTests]: SpringBootdemoApplicationTests does not declare any static, non-private, non-final, nested classes annotated with @Configuration.
13:59:58.410 [main] INFO org.springframework.boot.test.context.SpringBootTestContextBootstrapper -- Found @SpringBootConfiguration ru.netology.SpringBootdemo.SpringBootdemoApplication for test class ru.netology.SpringBootdemo.SpringBootdemoApplicationTests

  .   ____          _            __ _ _
 /\\ / ___'_ __ _ _(_)_ __  __ _ \ \ \ \
( ( )\___ | '_ | '_| | '_ \/ _` | \ \ \ \
 \\/  ___)| |_)| | | | | || (_| |  ) ) ) )
  '  |____| .__|_| |_|_| |_\__, | / / / /
 =========|_|==============|___/=/_/_/_/

 :: Spring Boot ::                (v3.3.8)

2025-03-12T13:59:59.134+03:00  INFO 16368 --- [           main] r.n.S.SpringBootdemoApplicationTests     : Starting SpringBootdemoApplicationTests using Java 17.0.1 with PID 16368 (started by juliya in C:\Users\juliya\IdeaProjects\SpringBootdemo)
2025-03-12T13:59:59.136+03:00  INFO 16368 --- [           main] r.n.S.SpringBootdemoApplicationTests     : No active profile set, falling back to 1 default profile: "default"
2025-03-12T14:00:01.859+03:00  INFO 16368 --- [           main] o.s.b.a.e.web.EndpointLinksResolver      : Exposing 1 endpoint beneath base path '/actuator'
2025-03-12T14:00:01.960+03:00  INFO 16368 --- [           main] r.n.S.SpringBootdemoApplicationTests     : Started SpringBootdemoApplicationTests in 3.226 seconds (process running for 5.118)
]]></system-out>
  </testcase>
</testsuite>